04: 31: 12: PM:DEBUG:[Persona.py:55]
            Id Persona: 1,
            Nombre: Juan,
            Apellido: Perez
            Email: jperez@mail.com
        
04: 31: 12: PM:DEBUG:[Persona.py:57]
            Id Persona: None,
            Nombre: Jose,
            Apellido: Lopez
            Email: ljose@mail.com
        
04: 31: 12: PM:DEBUG:[Persona.py:59]
            Id Persona: 1,
            Nombre: None,
            Apellido: None
            Email: None
        
02: 57: 50: PM:DEBUG:[CursorDelPool.py:10]Inicio del metodo with y __enter__
02: 57: 50: PM:DEBUG:[Conexion.py:39]creación del pool exitosa: <psycopg2.pool.SimpleConnectionPool object at 0x000001F8BCD45130>
02: 57: 50: PM:DEBUG:[Conexion.py:20]Conexión obtenida del pool: <connection object at 0x000001F8BE815F10; dsn: 'user=postgres password=xxx dbname=test_bd host=127.0.0.1 port=5432', closed: 0>
02: 57: 50: PM:DEBUG:[CursorDelPool.py:27]Dentro del bloque with
02: 57: 50: PM:DEBUG:[CursorDelPool.py:29][(3, 'Homero', 'Ramos', 'hramos@mail.com'), (1, 'Juan José', 'Pena', 'jjpena@mail.com')]
02: 57: 50: PM:DEBUG:[CursorDelPool.py:15]Se ejecuta el método exit
02: 57: 50: PM:DEBUG:[CursorDelPool.py:21]Commit de la transaccion
02: 57: 50: PM:DEBUG:[Conexion.py:49]Regresamos la conexión del pool: <connection object at 0x000001F8BE815F10; dsn: 'user=postgres password=xxx dbname=test_bd host=127.0.0.1 port=5432', closed: 0>
